[  0.0000] niiazingcgoupubsys cpuset
[    .00000 Iitiaizg cgrousubsyscp
[    0.000] Initializing cgroup sbs cpuacct    0.00000]Linuversion 4.4.0-112-generic (buildd@lgw01-amd64-010) (gcc version 5.4.0 20160609 Ubunu 5.4.0-6ubuntu1~16.04.5) ) #135-Ubuntu SMP Fri an19 1:436 UT 28 (Ubunt 4.0-12.35geer 4.4.98)
[    0000000] Command line: BOOT_IMAGE=/boot/vmlinuz-4.4.0-112-gneic rotABEL=lodimg-rootfs ro console=tty1 console=ttyS0
[    0.000000] KERNEL supported cpus:
[    0.000000]   Intel GenuineIntel
[    0.000000]   AMD AutenticAMD
[    0.000]   Centaur nturHals
[    00000] 86fp: xsat_ofset]:  576, xstate_sizes[2]:  256
[    0.000000] x86/fu: pportig XVE fate 0x01: 'x87 floin point registers
   0.000000] x86/fpu: Supporting XSAVE feature 0x02: 'SSE registers'
[    0.000000] x86/fpu: Supporting XSAVE feature 0x04: 'AVX registers'
[    0.0000] 86pu: Enabl xtate features 0x7, context size is 2 ytes, using 'standard' format.
[    0.000000] x86/fpu: Using 'lazy' FPU context switches.
[    0.000000] e820: BIOS-provided physical RAM map:
[  0000000] BIOS-e820: [mem 0x0000000000000-00000000009fbff] usable
[    0.000000] BIOS-e820: [mem 0x000000000009fc00-0x000000000009ffff] rserved
[    0.000000] BOS-e820 [mm 0x00000000000f0000-0x00000000000fffff] reserved
[   00000] OS-e20[memx000000000100000-0x0000003efff]sale
[    0.000000] BIOS-e820[mm 0x000000003fff0000-0x00000003fffff] ACPI data
[    0.000000] BI-e20: [mem 000000fe00000x0000000fc0ff] esved[   0.000000] BIS-20: [m 0x00000000fee00000-0x00000000fee0ff] eseved
    .00000] BIOS-e820: [mem 0x00000000fffc0000-0x00000000ffffffff] reerved
[  0.000000] NX (Execute Disable) protection: active
[    0.000000] SMBIOS 2.5 present.
[    0.000000] Hypervisor detected: KVM
[    0.000000] e820 last_p = 0x3f0 ax_ar_pn = 0x400000000
[    0.000000] MTTRR: Dabed
[    0.000000] x86/PAT: MTRRs disabedskipping PAT initialization too.
[    0.000000] CPU MTRRs all blank - virtualized system.
    0.000000] x86/PAT: Configuraon [0-]: WB  WT  UC- UC  WB  WT  UC- UC  [    00000]fod SM Mtablet mem 000fff0-0x0009ffff] mapped at [ffff88000009fff0]
[    0.000000] Scanning 1 areas for owemor crrption
[    0.000000] RAMDISK: [mem 0x36adc000-0x37565fff]
[    0.000000] ACPI:Eay talechcksumerfication disabled
[    0.000000] ACPI: RSDP 0x000000000E0000 00024 (v02VB   )[    00000ACI: XDTx0000000FF03 00003C (v1 OX   OXSDT 00001 AS 00000)
[  .000000] CP FACP 0x0000003FFF0 0000F4(v VBOX  VBOXFACP 0000000 AL  000001)
    0.0000] APIDSDT0x00003FF0470 02F (v2 OX   VBOXBIOS000002IN 2010058)
[    0.000000] ACPI: FACS 0x000000003FFF0200 000040
[    0.0000] ACPI: FACS 0x000000003FFF0200 0000440
[  0.000]ACPI: APIC 0x000000003FFF0240 00005C (2 VBO  BOXAPIC 00001 SL00000061
   0.000] ACI:SST x00000000FFF02A0 001CC (v01 VBOX   VBOXCPUT 0000000 ITL 01528)[    00000] No NMAconfiraiofond[   0.000] Fki a nod a[mem0x0000000000000x000000003ffeff]
[  0000000] OD_DTA(0) allocated [mem 0x33ffeb00-03feffff
   0.000000]kv-clok:Usinmss 4b56d0and 4b564d00
[    0.000000] kvm-clock: cpu 0, msr 0:ff301,primary cpu clock
[    0.0000 kvm-lok:usingscd offset of 3165095120 cycles
[    0.000000] clocksource: kvm-clock: mask: 0xffffffffffffff mx_yces 0x1cd42eff, axdle_ns: 859059148 n
[    000000] one rages:
[    0.00000]   DMA      [mem x000000000000100-000000000ffff]
[  0.00000]   DMA32   [me 0000000010000-00000003fffff][   0.000]  Noal  mpy
[   0.0000   Dvice  emty
[  .00000] vable znestart oreacnoe
[  0000000 Erly emy node rangs
[   00.000000   no   0: [mem 0x00000000000010-x000000000009efff]
[    00000]   de  0: [mem 0x0000000000100000-0x000000003ffeffff]
[    0.000000] Initmem setup node 0 [mem 0x0000000000001000-0x00000000fefff]
  0.0000000] PI: P-TimerO Port:x4008
[    0.000000] IOAPIC[0]: apic_id 2, version 32, address 0xfec00000, GSI 0-23
[    0.00000] ACPI: INT_SRC_OVR (bus 0 bus_irq 0 global_irq 2 dfl dfl)
[    0.000000] ACPI: INT_SRC_OVR (bus 0 bus_irq 9 global_irq 9 low level)
[    0.000] Using ACPI (MADT) for SMP configuration information
[    0.000000] smpboot: Allowing 2 CPUs, 0otlug CPUs
[    0.000000] PM: Registered nosave memory: [mem 0x00000000-0x00000fff]
[    0.000000] PM: Registered nosave memory: [mem 0x0009f000-0x0009ffff]
[    0.000000] PM: Registered nosave memory: [mem 0x000a0000-0x000effff]
[    0.000000] PM: Registered nosave memory: [m 000000-0x0fffff]
[    0.000000] e820: [em0x40000000xfebffff] available for PCI devices
[    0.000000] Booting paravirtuliedkeernel on M
[  0.0000] cloksurce:rened-jfis: mask:0xfffffff max_yces: xffffff m_idle_s:765519600215 ns
   0.00000]sep_perpuNR_CPUS51nr_cpma_bits:51 ncpu_is:nr_nodeids:1
[  0000000]PECPU: Embedded 34 pages/cpu @ffff88003fc0000s9954 r8192 d31528 u1048576
[    0.000000] PV qspinlock hash table entries: 256 (order: 0, 4096 bytes)
[    0.000000] Built 1 zonelists in Node order, mobility grouping on.  Total pages: 57913
[   .000000] Pliy one: DMA
    0.000] Kenecommand in BOOTMAE=/boot/vminz-.4.0-112-generic root=LABEL=cloudimg-rootfs ro console=tty1 console=ttyS0
[    0.000000] PID hash table entries: 4096 (order: 3, 32768 bytes)
[    0.000000] Memory: 1001740K/1048120K available (8499Kkenel cde1309K rwdata, 3988K rodata, 1508K init, 1316K bss, 46380K reserved, 0K cma-reserved)
[    0.000000] SLUB: HWalign=64, Order=0-3, MinObjects=0, CPUs=2, Nodes=
[    00000] Kerne/Uer pgeable ilatin:nabled
[  000000Hierarchica RU implementtin.
[   00000]Build-tie djstmen oleaf fanout to 64.
[    0.000000] 	RCU restricting CPUs from NR_CPUS=512 to nr_cpu_ids=2.
[    0.00000 RU: Adjstg geety for r_fnot_af=64, nr_cpuds2
[    .0000] NR_IRQS:33024 nr_irqs:440 16
[   .000000] Console: colour VGA+ 80x25
[    0.000000] console [tty1] enabled
[    0.000000] console [ttyS0] enabled
[    0.000000] tsc: Detected 1599.999 MHz processor
[   14.526775] Calibrating delay loop (skipped) preset value.. 3199.99 BogoMIPS (lpj=6399996)
[   14.529105] pid_max: default: 32768 minimum: 301
[   14.599293] ACPI: Core revision 20150930
[   14.627734] ACPI: 2 ACPI AML tables successfully acquired and loaded
[   14.710704] Security Framework initialized
[   14.774581] Yama: becoming mindful.
[   14.797347] AppArmor: AppArmor initialized
[   14.810715] Dentry cache hash table entries: 131072 (order: 8, 1048576 bytes)
[   14.863032] Inode-cache hash table entries: 65536 (order: 7, 524288 bytes)
[   14.907115] Mount-cache hash table entries: 2048 (order: 2, 16384 bytes)
[   14.970784] Mountpoint-cache hash table entries: 2048 (order: 2, 16384 bytes)
[   15.070452] Initializing cgroup subsys io
[   15.107185] Initializing cgroup subsys memory
[   15.174985] Initializing cgroup subsys devices
[   15.200473] Initializing cgroup subsys freezer
[   15.239917] Initializing cgroup subsys net_cls
[   15.294672] Initializing cgroup subsys perf_event
[   15.363488] Initializing cgroup subsys net_prio
[   15.364718] Initializing cgroup subsys hugetlb
[   15.365993] Initializing cgroup subsys pids
[   15.380203] CPU: Physical Processor ID: 0
[   15.434620] CPU: Processor Core ID: 0
[   15.489879] FEATURE SPEC_CTRL Not Present
[   15.543337] mce: CPU supports 0 MCE banks
[   15.607828] Last level iTLB entries: 4KB 64, 2MB 8, 4MB 8
[   15.682710] Last level dTLB entries: 4KB 64, 2MB 0, 4MB 0, 1GB 4
[   15.770231] Freeing SMP alternatives memory: 32K
[   15.785563] ftrace: allocating 32180 entries in 126 pages
[   15.900960] smpboot: APIC(0) Converting physical 0 to logical package 0
[   15.979333] smpboot: Max logical packages: 1
[   15.989833] x2apic enabled
[   15.991021] Switched APIC routing to physical x2apic.
[   15.993687] ..TIMER: vector=0x30 apic1=0 pin1=2 apic2=-1 pin2=-1
[   16.178425] smpboot: CPU0: Intel(R) Core(TM) i5-5250U CPU @ 1.60GHz (family: 0x6, model: 0x3d, stepping: 0x4)
[   16.224394] Performance Events: unsupported p6 CPU model 61 no PMU driver, software events only.
[   16.289332] KVM setup paravirtual spinlock
[   16.349046] x86: Booting SMP configuration:
[   16.409407] .... node  #0, CPUs:      #1
[   16.470794] kvm-clock: cpu 1, msr 0:3ffe3041, secondary cpu clock
[   16.497502] mce: CPU supports 0 MCE banks
[   16.518009] x86: Booted up 1 node, 2 CPUs
[   16.525156] smpboot: Total of 2 processors activated (6399.99 BogoMIPS)
[   16.531325] devtmpfs: initialized
[   16.565751] evm: security.selinux
[   16.603060] evm: security.SMACK64
[   16.640108] evm: security.SMACK64EXEC
[   16.689819] evm: security.SMACK64TRANSMUTE
[   16.735478] evm: security.SMACK64MMAP
[   16.736653] evm: security.ima
[   16.737517] evm: security.capability
[   16.771147] clocksource: jiffies: mask: 0xffffffff max_cycles: 0xffffffff, max_idle_ns: 7645041785100000 ns
[   16.859804] futex hash table entries: 512 (order: 3, 32768 bytes)
[   16.927143] pinctrl core: initialized pinctrl subsystem
[   16.928636] RTC time:  9:50:54, date: 01/30/18
[   16.956505] NET: Registered protocol family 16
[   17.015339] cpuidle: using governor ladder
[   17.063268] cpuidle: using governor menu
[   17.108031] PCCT header not found.
[   17.139078] ACPI: bus type PCI registered
[   17.179126] acpiphp: ACPI Hot Plug PCI Controller Driver version: 0.5
[   17.210887] PCI: Using configuration type 1 for base access
[   17.301395] ACPI: Added _OSI(Module Device)
[   17.324702] ACPI: Added _OSI(Processor Device)
[   17.399448] ACPI: Added _OSI(3.0 _SCP Extensions)
[   17.455174] ACPI: Added _OSI(Processor Aggregator Device)
[   17.511513] ACPI: Executed 1 blocks of module-level executable AML code
[   17.584758] ACPI: Interpreter enabled
[   17.621547] ACPI: (supports S0 S5)
[   17.662984] ACPI: Using IOAPIC for interrupt routing
[   17.731012] PCI: Using host bridge windows from ACPI; if necessary, use "pci=nocrs" and report a bug
[   17.845601] ACPI: PCI Root Bridge [PCI0] (domain 0000 [bus 00-ff])
[   17.918764] acpi PNP0A03:00: _OSC: OS supports [ASPM ClockPM Segments MSI]
[   17.968895] acpi PNP0A03:00: _OSC: not requesting OS control; OS requires [ExtendedConfig ASPM ClockPM MSI]
[   18.010533] acpi PNP0A03:00: fail to add MMCONFIG information, can't access extended PCI configuration space under this bridge.
[   18.131607] PCI host bridge to bus 0000:00
[   18.158784] pci_bus 0000:00: root bus resource [io  0x0000-0x0cf7 window]
[   18.221215] pci_bus 0000:00: root bus resource [io  0x0d00-0xffff window]
[   18.224169] pci_bus 0000:00: root bus resource [mem 0x000a0000-0x000bffff window]
[   18.232955] pci_bus 0000:00: root bus resource [mem 0x40000000-0xfdffffff window]
[   18.327410] pci_bus 0000:00: root bus resource [bus 00-ff]
[   18.385349] pci 0000:00:01.1: legacy IDE quirk: reg 0x10: [io  0x01f0-0x01f7]
[   18.400003] pci 0000:00:01.1: legacy IDE quirk: reg 0x14: [io  0x03f6]
[   18.401705] pci 0000:00:01.1: legacy IDE quirk: reg 0x18: [io  0x0170-0x0177]
[   18.403625] pci 0000:00:01.1: legacy IDE quirk: reg 0x1c: [io  0x0376]
[   18.441440] pci 0000:00:07.0: quirk: [io  0x4000-0x403f] claimed by PIIX4 ACPI
[   18.460388] pci 0000:00:07.0: quirk: [io  0x4100-0x410f] claimed by PIIX4 SMB
[   18.485265] ACPI: PCI Interrupt Link [LNKA] (IRQs 5 9 10 *11)
[   18.518957] ACPI: PCI Interrupt Link [LNKB] (IRQs 5 9 *10 11)
[   18.592305] ACPI: PCI Interrupt Link [LNKC] (IRQs 5 *9 10 11)
[   18.644930] ACPI: PCI Interrupt Link [LNKD] (IRQs 5 9 10 *11)
[   18.706349] ACPI: Enabled 2 GPEs in block 00 to 07
[   18.763871] vgaarb: setting as boot device: PCI:0000:00:02.0
[   18.770065] vgaarb: device added: PCI:0000:00:02.0,decodes=io+mem,owns=io+mem,locks=none
[   18.800374] vgaarb: loaded
[   18.801517] vgaarb: bridge control possible 0000:00:02.0
[   18.856796] SCSI subsystem initialized
[   18.870269] ACPI: bus type USB registered
[   18.919627] usbcore: registered new interface driver usbfs
[   18.983114] usbcore: registered new interface driver hub
[   19.046948] usbcoree registered new device driver usb
[   19.105427] PCI: Using ACPI for IRQ routing
[   19.157026] NetLabel: Initializing
[   19.192539] NetLabel:  domain hash size = 128
[   19.239089] NetLabel:  protocols = UNLABELED CIPSOv4
[   19.275293] NetLabel:  unlabeled traffic allowed by default
[   19.276941] amd_nb: Cannot enumerate AMD northbridges
[   19.323972] clocksource: Switched to clocksource kvm-clock
[   193511] pAorAprm FesstemEnle
[ 19626]pn P AI it[ 203959pnp: PnP ACPI: found 3 devices

[   20.669028] clocksource: acpi_pm: mask: 0xffffff max_cycles: 0xffffff, max_idle_ns: 2085701024 ns
[   20.787492] NET: Registered protocol family 2
[   20.847907] TCP established hash table entries: 8192 (order: 4, 65536 bytes)
[   20.965416] TCP bind hash table entries: 8192 (order: 5, 131072 bytes)
[   21.052186] TCP: Hash tables configured (established 8192 bind 8192)
[   21.053757] UDP hash table entries: 512 (order: 2, 16384 bytes)
[   21.055211] UDP-Lite hash table entries: 512 (order: 2, 16384 bytes)
[   21.179633] NET: Registered protocol family 1
[   21.239272] pci 0000:00:00.0: Limiting direct PCI/PCI transfers
[   21.241022] pci 0000:00:01.0: Activating ISA DMA hang workarounds
[   21.266958] Unpacking initramfs...
[   23.380902] Freeing initrd memory: 10792K
[   23.447941] RAPL PMU detected, API unit is 2^-32 Joules, 4 fixed counters 10737418240 ms ovfl timer
[   23.516114] hw unit of domain pp0-core 2^-0 Joules
[   23.529282] hw unit of domain package 2^-0 Joules
[   23.530870] hw unit of domain dram 2^-0 Joules
[   23.562258] hw unit of domain pp1-gpu 2^-0 Joules
[   23.608927] platform rtc_cmos: registered platform RTC device (no PNP device found)
[   23.681253] Scanning for low memory corruption every 60 seconds
[   23.746773] audit: initializing netlink subsys (disabled)
[   23.782733] audit: type=2000 audit(1517305846.467:1): initialized
[   23.800470] Initialise system trusted keyring
[   23.821030] HugeTLB registered 2 MB page size, pre-allocated 0 pages
[   23.824248] zbud: loaded
[   23.850654] VFS: Disk quotas dquot_6.6.0
[   23.890055] VFS: Dquot-cache hash table entries: 512 (order 0, 4096 bytes)
[   23.910021] squashfs: version 4.0 (2009/01/31) Phillip Lougher
[   23.911937] fuse init (API version 7.23)
[   23.913478] Key type big_key registered
[   23.921438] loti I M a bcksteyng
[   24.525457] Key type asymmetric registered
[   24.527671] Asymmetric key parser 'x509' registered
[   24.549184] Block layer SCSI generic (bsg) driver version 0.4 loaded (major 249)
[   24.581984] io scheduler noop registered
[   24.644087] tsc: Refined TSC clocksource calibration: 1599.757 MHz
[   24.651153] clocksource: tsc: mask: 0xffffffffffffffff max_cycles: 0x170f3f6c023, max_idle_ns: 440795272752 ns
[   24.652091] io scheduler deadline registered (default)
[   24.652145] io scheduler cfq registered
[   24.652261] pci_hotplug: PCI Hot Plug PCI Core version: 0.5
[   24.6522] iep: P Eres Hot Plu Controlerrir version: 0.4

[   2.666 AI:C apr C]ofli)
[   24.652730] input: Power Button as /devices/LNXSYSTM:00/LNXPWRBN:00/input/input0
[   24.652732] ACPI: Power Button [PWRF]
[   24.652812] input: Sleep Button as /devices/LNXSYSTM:00/LNXSLPBN:00/input/input1
[   24.652813] ACPI: Sleep Button [SLPF]
[   24.656377] GHES: HEST is not enabled!
[   24.669512] ACPI: Battery Slot [BAT0] (battery present)
[   24.669923] Serial: 8250/16550 driver, 32 ports, IRQ sharing enabled
[   25.165633] 00:02: ttyS0 at I/O 0x3f8 (irq = 4, base_baud = 115200) is a 16550A
[   25.736904] Linux agpgart interface v0.103
[   25.739873] loop: module loaded
[   25.740480] scsi host0: ata_piix
[   25.740538] scsi host1: ata_piix
[   25.740570] ata1: PATA max UDMA/33 cmd 0x1f0 ctl 0x3f6 bmdma 0xd000 irq 14
[   25.740571] ata2: PATA max UDMA/33 cmd 0x170 ctl 0x376 bmdma 0xd008 irq 15
[   25.740643] libphy: Fixed MDIO Bus: probed
[   25.740645] tun: Universal TUN/TAP device driver, 1.6
[   25.740646] tun: (C) 1999-2004 Max Krasnyansky <maxk@qualcomm.com>
[   25.740978] PPP generic driver version 2.4.2
[   25.741032] ehci_hcd: USB 2.0 'Enhanced' Host Controller (EHCI) Driver
[   25.741035] ehci-pci: EHCI PCI platform driver
[   25.741051] ehci-platform: EHCI generic platform driver
[   25.741059] ohci_hcd: USB 1.1 'Open' Host Controller (OHCI) Driver
[   25.741062] ohci-pci: OHCI PCI platform driver
[   25.741069] ohci-platform: OHCI generic platform driver
[   25.741076] uhci_hcd: USB Universal Host Controller Interface driver
[   25.741130] i8042: PNP: PS/2 Controller [PNP0303:PS2K,PNP0f03:PS2M] at 0x60,0x64 irq 1,12
[   25.805481] serio: i8042 KBD port at 0x60,0x64 irq 1
[   25.805488] serio: i8042 AUX port at 0x60,0x64 irq 12
[   25.805641] mousedev: PS/2 mouse device common for all mice
[   25.805983] rtc_cmos rtc_cmos: rtc core: registered rtc_cmos as rtc0
[   25.806046] rtc_cmos rtc_cmos: alarms up to one day, 114 bytes nvram
[   25.806053] i2c /dev entries driver
[   25.806116] device-mapper: uevent: version 1.0.3
[   25.806173] device-mapper: ioctl: 4.34.0-ioctl (2015-10-28) initialised: dm-devel@redhat.com
[   25.806193] ledtrig-cpu: registered to indicate activity on CPUs
[   25.806558] NET: Registered protocol family 10
[   25.806731] NET: Registered protocol family 17
[   25.806742] Key type dns_resolver registered
[   25.807618] microcode: CPU0 sig=0x306d4, pf=0x40, revision=0x0
[   25.807644] microcode: CPU1 sig=0x306d4, pf=0x40, revision=0x0
[   25.807711] microcode: Microcode Update Driver: v2.01 <tigran@aivazian.fsnet.co.uk>, Peter Oruba
[   25.807831] registered taskstats version 1
[   25.807844] Loading compiled-in X.509 certificates
[   25.808581] Loaded X.509 cert 'Build time autogenerated kernel key: 4c603087bab8f0a02cb3b4e1fb4c40f507e71ef1'
[   25.808603] zswap: loaded using pool lzo/zbud
[   25.810639] Key type trusted registered
[   25.815408] Key type encrypted registered
[   25.815418] AppArmor: AppArmor sha1 policy hashing enabled
[   25.815422] ima: No TPM chip found, activating TPM-bypass!
[   25.815445] evm: HMAC attrs: 0x1
[   25.815769]   Magic number: 2:963:829
[   25.817760] rtc_cmos rtc_cmos: setting system clock to 2018-01-30 09:51:02 UTC (1517305862)
[   25.817888] BIOS EDD facility v0.16 2004-Jun-25, 0 devices found
[   25.817889] EDD information not available.
[   25.962267] input: AT Translated Set 2 keyboard as /devices/platform/i8042/serio0/input/input2
[   27.824075] Freeing unused kernel memory: 1508K
[   27.832297] Write protecting the kernel read-only data: 14336k
[   27.860926] Freeing unused kernel memory: 1728K
[   27.879920] Freeing unused kernel memory: 108K
Loading, please wait...
starting version[   27.921158] random: systemd-udevd: uninitialized urandom read (16 bytes read, 7 bits of entropy available)
 229
[   27.922013] random: udevadm: uninitialized urandom read (16 bytes read, 7 bits of entropy available)
[   27.922039] random: udevadm: uninitialized urandom read (16 bytes read, 7 bits of entropy available)
[   27.939894] random: udevadm: uninitialized urandom read (16 bytes read, 7 bits of entropy available)
[   27.939968] random: udevadm: uninitialized urandom read (16 bytes read, 7 bits of entropy available)
[   27.940278] random: udevadm: uninitialized urandom read (16 bytes read, 7 bits of entropy available)
[   27.940377] random: udevadm: uninitialized urandom read (16 bytes read, 7 bits of entropy available)
[   27.940475] random: udevadm: uninitialized urandom read (16 bytes read, 7 bits of entropy available)
[   27.940572] random: udevadm: uninitialized urandom read (16 bytes read, 7 bits of entropy available)
[   27.940665] random: udevadm: uninitialized urandom read (16 bytes read, 7 bits of entropy available)
[   28.887067] e1000: Intel(R) PRO/1000 Network Driver - version 7.3.21-k8-NAPI
[   28.900918] e1000: Copyright (c) 1999-2006 Intel Corporation.
[   28.908808] Fusion MPT base driver 3.04.20
[   28.928801] Copyright (c) 1999-2008 LSI Corporation
[   28.953903] AVX2 version of gcm_enc/dec engaged.
[   28.961390] AES CTR mode by8 optimization enabled
[   28.973403] Fusion MPT SPI Host driver 3.04.20
[   29.141510] input: ImExPS/2 Generic Explorer Mouse as /devices/platform/i8042/serio1/input/input4
[   29.346673] e1000 0000:00:03.0 eth0: (PCI:33MHz:32-bit) 02:db:14:78:b4:e6
[   29.434008] e1000 0000:00:03.0 eth0: Intel(R) PRO/1000 Network Connection
[   29.448169] mptbase: ioc0: Initiating bringup
[   29.521027] ioc0: LSI53C1030 A0: Capabilities={Initiator}
[   29.817097] scsi host2: ioc0: LSI53C1030 A0, FwRev=00000000h, Ports=1, MaxQ=256, IRQ=20
[   30.096855] scsi 2:0:0:0: Direct-Access     VBOX     HARDDISK         1.0  PQ: 0 ANSI: 5
[   30.157323] scsi target2:0:0: Beginning Domain Validation
[   30.181276] scsi target2:0:0: Domain Validation skipping write tests
[   30.183049] scsi target2:0:0: Ending Domain Validation
[   30.197589] scsi target2:0:0: asynchronous
[   30.205631] scsi 2:0:1:0: Direct-Access     VBOX     HARDDISK         1.0  PQ: 0 ANSI: 5
[   30.208136] scsi target2:0:1: Beginning Domain Validation
[   30.216540] scsi target2:0:1: Domain Validation skipping write tests
[   30.256450] scsi target2:0:1: Ending Domain Validation
[   30.258165] scsi target2:0:1: asynchronous
[   30.292838] sd 2:0:0:0: Attached scsi generic sg0 type 0
[   30.307046] sd 2:0:1:0: Attached scsi generic sg1 type 0
[   30.340534] sd 2:0:0:0: [sda] 20971520 512-byte logical blocks: (10.7 GB/10.0 GiB)
[   30.351220] sd 2:0:1:0: [sdb] 20480 512-byte logical blocks: (10.5 MB/10.0 MiB)
[   30.354048] sd 2:0:1:0: [sdb] Write Protect is off
[   30.361909] sd 2:0:0:0: [sda] Write Protect is off
[   30.365704] sd 2:0:0:0: [sda] Incomplete mode parameter data
[   30.370305] sd 2:0:0:0: [sda] Assuming drive cache: write through
[   30.373958] sd 2:0:1:0: [sdb] Incomplete mode parameter data
[   30.378657] sd 2:0:1:0: [sdb] Assuming drive cache: write through
[   30.382547]  sda: sda1
[   30.387168] sd 2:0:1:0: [sdb] Attached SCSI disk
[   30.391861] sd 2:0:0:0: [sda] Attached SCSI disk
[   30.497441] e1000 0000:00:08.0 eth1: (PCI:33MHz:32-bit) 08:00:27:13:54:b8
[   30.529989] e1000 0000:00:08.0 eth1: Intel(R) PRO/1000 Network Connection
[   30.533487] e1000 0000:00:03.0 enp0s3: renamed from eth0
[   30.552350] e1000 0000:00:08.0 enp0s8: renamed from eth1
[   32.467057] floppy0: no floppy controllers found
Begin: Loading e[   34.516148] md: linear personality registered for level -1
ssential drivers[   34.585757] md: multipath personality registered for level -4
 ... [   34.623815] md: raid0 personality registered for level 0
[   34.668481] md: raid1 personality registered for level 1
[   34.808344] raid6: sse2x1   gen()  8399 MB/s
[   34.936838] raid6: sse2x1   xor()  6174 MB/s
[   35.056058] raid6: sse2x2   gen()  5907 MB/s
[   35.132693] raid6: sse2x2   xor()  5973 MB/s
[   35.212055] raid6: sse2x4   gen() 10490 MB/s
[   35.293389] raid6: sse2x4   xor()  6434 MB/s
[   35.416068] raid6: avx2x1   gen() 15335 MB/s
[   35.524013] raid6: avx2x2   gen() 18369 MB/s
[   35.628555] raid6: avx2x4   gen() 18234 MB/s
[   35.692949] raid6: using algorithm avx2x2 gen() 18369 MB/s
[   35.776573] raid6: using avx2x2 recovery algorithm
[   35.858609] xor: automatically using best checksumming function:
[   35.956297]    avx       : 19680.000 MB/sec
[   36.014539] async_tx: api initialized (async)
[   36.100961] md: raid6 personality registered for level 6
[   36.104529] md: raid5 personality registered for level 5
[   36.131322] md: raid4 personality registered for level 4
[   36.155675] md: raid10 personality registered for level 10
done.
Begin: Running /scripts/init-premount ... done.
Begin: Mounting root file system ... Begin: Running /scripts/local-top ... do[   36.219897] Btrfs loaded
ne.
Begin: Running /scripts/local-premount ... Scanning for Btrfs filesystems
done.
Warning: fsck no[   36.300964] EXT4-fs (sda1): mounted filesystem with ordered data mode. Opts: (null)
t present, so skipping root file system
done.
Begin: Running /scripts/local-bottom ... done.
Begin: Running /scripts/init-bottom ... done.
[   36.486215] systemd[1]: systemd 229 running in system mode. (+PAM +AUDIT +SELINUX +IMA +APPARMOR +SMACK +SYSVINIT +UTMP +LIBCRYPTSETUP +GCRYPT +GNUTLS +ACL +XZ -LZ4 +SECCOMP +BLKID +ELFUTILS +KMOD -IDN)
[   36.652889] systemd[1]: Detected virtualization oracle.
[   36.758317] systemd[1]: Detected architecture x86-64.

Welcome to [1mUbuntu 16.04.3 LTS[0m!

[   36.857585] systemd[1]: Set hostname to <ubuntu>.
[   36.961923] systemd[1]: Initializing machine ID from random generator.
[   37.072605] systemd[1]: Installed transient /etc/machine-id file.
[   37.347134] systemd[1]: Listening on udev Control Socket.
[[0;32m  OK  [0m] Listening on udev Control Socket.
[   37.469471] systemd[1]: Created slice User and Session Slice.
[[0;32m  OK  [0m] Created slice User and Session Slice.
[   37.641124] systemd[1]: Listening on LVM2 poll daemon socket.
[[0;32m  OK  [0m] Listening on LVM2 poll daemon socket.
[   37.696501] systemd[1]: Listening on Syslog Socket.
[[0;32m  OK  [0m] Listening on Syslog Socket.
[   37.881951] systemd[1]: Listening on Journal Socket (/dev/log).
[[0;32m  OK  [0m] Listening on Journal Socket (/dev/log).
[   37.936572] systemd[1]: Listening on Journal Socket.
[[0;32m  OK  [0m] Listening on Journal Socket.
[   38.025081] systemd[1]: Set up automount Arbitrary Executable File Formats File System Automount Point.
[[0;32m  OK  [0m] Set up automount Arbitrary Executab...ats File System Automount Point.
[   38.293529] systemd[1]: Listening on udev Kernel Socket.
[[0;32m  OK  [0m] Listening on udev Kernel Socket.
[   38.376596] systemd[1]: Listening on /dev/initctl Compatibility Named Pipe.
[[0;32m  OK  [[   38.400274] random: nonblocking pool is initialized
0m] Listening on /dev/initctl Compatibility Named Pipe.
[   39.756783] systemd[1]: Listening on LVM2 metadata daemon socket.
[[0;32m  OK  [0m] Listening on LVM2 metadata daemon socket.
[   39.921829] systemd[1]: Created slice System Slice.
[[0;32m  OK  [0m] Created slice System Slice.
[   40.072864] systemd[1]: Mounting Debug File System...
         Mounting Debug File System...
[   40.217658] systemd[1]: Starting Create list of required static device nodes for the current kernel...
         Starting Create list of required st... nodes for the current kernel...
[   40.411714] systemd[1]: Mounting POSIX Message Queue File System...
         Mounting POSIX Message Queue File System...
[   40.540855] systemd[1]: Mounting Huge Pages File System...
         Mounting Huge Pages File System...
[   40.592178] systemd[1]: Reached target Slices.
[[0;32m  OK  [0m] Reached target Slices.
[   40.632288] systemd[1]: Starting Nameserver information manager...
         Starting Nameserver information manager...
[   40.663139] systemd[1]: Created slice system-serial\x2dgetty.slice.
[[0;32m  OK  [0m] Created slice system-serial\x2dgetty.slice.
[   40.732981] systemd[1]: Starting Uncomplicated firewall...
         Starting Uncomplicated firewall...
[   40.848485] systemd[1]: Listening on Device-mapper event daemon FIFOs.
[[0;32m  OK  [0m] Listening on Device-mapper event daemon FIFOs.
[   40.948997] systemd[1]: Starting Monitoring of LVM2 mirrors, snapshots etc. using dmeventd or progress polling...
         Starting Monitoring of LVM2 mirrors... dmeventd or progress polling...
[   41.138601] systemd[1]: Started Trigger resolvconf update for networkd DNS.
[[0;32m  OK  [0m] Started Trigger resolvconf update for networkd DNS.
[   41.296702] systemd[1]: Starting Remount Root and Kernel File Systems...
[   41.301415] EXT4-fs (sda1): re-mounted. Opts: (null)
         Starting Remount Root and Kernel File Systems...
[   41.423372] systemd[1]: Started Forward Password Requests to Wall Directory Watch.
[[0;32m  OK  [0m] Started Forward Password Requests to Wall Directory Watch.
[   41.632673] systemd[1]: Reached target Encrypted Volumes.
[[0;32m  OK  [0m] Reached target Encrypted Volumes.
[   41.735872] systemd[1]: Reached target Swap.
[[0;32m  OK  [0m] Reached target Swap.
[   41.788404] systemd[1]: Starting Set console keymap...
         Starting Set console keymap...
[   41.842060] systemd[1]: Starting Load Kernel Modules...
         Startin[   41.848356] Loading iSCSI transport class v2.0-870.
g Load Kernel Modules...
[   41.929211] iscsi: registered transport (tcp)
[   42.827297] systemd[1]: Listening on Journal Audit Socket.
[[0;32m  OK  [0m] Listening on Journal Audit Socket.
[   42.919391] iscsi: registered transport (iser)
[   43.004994] systemd[1]: Starting Journal Service...
         Starting Journal Service...
[   43.092443] systemd[1]: Reached target User and Group Name Lookups.
[[0;32m  OK  [0m] Reached target User and Group Name Lookups.
[   43.150316] systemd[1]: Mounted POSIX Message Queue File System.
[[0;32m  OK  [0m] Mounted POSIX Message Queue File System.
[   43.204678] systemd[1]: Mounted Debug File System.
[[0;32m  OK  [0m] Mounted Debug File System.
[   43.240418] systemd[1]: Mounted Huge Pages File System.
[[0;32m  OK  [0m] Mounted Huge Pages File System.
[   43.267925] systemd[1]: Started Journal Service.
[[0;32m  OK  [0m] Started Journal Service.
[[0;32m  OK  [0m] Started Create list of required sta...ce nodes for the current kernel.
[[0;32m  OK  [0m] Started Uncomplicated firewall.
[[0;32m  OK  [0m] Started Remount Root and Kernel File Systems.
[[0;32m  OK  [0m] Started Set console keymap.
[[0;32m  OK  [0m] Started Load Kernel Modules.
[[0;32m  OK  [0m] Started Nameserver information manager.
[[0;32m  OK  [0m] Started LVM2 metadata daemon.
         Mounting FUSE Control File System...
         Starting Apply Kernel Variables...
         Starting Load/Save Random Seed...
         Starting Initial cloud-init job (pre-networking)...
         Starting udev Coldplug all Devices...
         Starting Create Static Device Nodes in /dev...
         Starting Flush Journal to Persistent Storage...
[[0;32m  OK  [0m] Mounted FUSE Control File System.
[[0;32m  OK  [0m] Started Monitoring of LVM2 mirrors,...ng dmeventd or progress polling.
[[0;32m  OK  [0m] Started Apply Kernel Variables.
[[0;32m  OK  [0m] Started Load/Save Random Seed.
[[0;32m  OK  [0m] Started Create Static Device Nodes in /dev.
[[0;32m  OK  [0m] Started udev Coldplug all Devices.
[[0;32m  OK  [0m] Started Flush Journal to Persistent Storage.
         Starting udev Kernel Device Manager...
[[0;32m  OK  [0m] Started udev Kernel Device Manager.
[[0;32m  OK  [0m] Reached target Local File Systems (Pre).
[[0;32m  OK  [0m] Reached target Local File Systems.
         Starting Create Volatile Files and Directories...
         Starting Set console font and keymap...
         Starting LSB: AppArmor initialization...
         Starting Tell Plymouth To Write Out Runtime Data...
         Starting Commit a transient machine-id on disk...
[[0;32m  OK  [0m] Started Dispatch Password Requests to Console Directory Watch.
[[0;32m  OK  [0m] Started Create Volatile Files and Directories.
[[0;32m  OK  [0m] Started Tell Plymouth To Write Out Runtime Data.
[[0;32m  OK  [0m] Started Commit a transient machine-id on disk.
[[0;32m  OK  [0m] Found device /dev/ttyS0.
[[0;32m  OK  [0m] Reached target System Time Synchronized.
         Starting Update UTMP about System Boot/Shutdown...
[[0;32m  OK  [0m] Started Update UTMP about System Boot/Shutdown.
[[0;32m  OK  [0m] Listening on Load/Save RF Kill Switch Status /dev/rfkill Watch.
[   26.596725] cloud-init[448]: Cloud-init v. 17.1 running 'init-local' at Tue, 30 Jan 2018 09:51:21 +0000. Up 25.81 seconds.
[[0;32m  OK  [0m] Started Initial cloud-init job (pre-networking).
[[0;32m  OK  [0m] Started LSB: AppArmor initialization.
[[0;32m  OK  [0m] Reached target Network (Pre).
         Starting Raise network interfaces...
[[0;32m  OK  [0m] Started Set console font and keymap.
[[0;32m  OK  [0m] Created slice system-getty.slice.
[[0;32m  OK  [0m] Started Raise network interfaces.
         Starting Initial cloud-init job (metadata service crawler)...
[[0;32m  OK  [0m] Reached target Network.
[   30.300380] cloud-init[960]: Cloud-init v. 17.1 running 'init' at Tue, 30 Jan 2018 09:51:24 +0000. Up 29.39 seconds.
[   30.303882] cloud-init[960]: ci-info: ++++++++++++++++++++++++++++++++++++++Net device info++++++++++++++++++++++++++++++++++++++
[   30.336531] cloud-init[960]: ci-info: +--------+-------+----------------------------+---------------+-------+-------------------+
[   30.397115] cloud-init[960]: ci-info: | Device |   Up  |          Address           |      Mask     | Scope |     Hw-Address    |
[[0;32m  OK  [0m] Started Initial cloud-init job (metadata service crawler).
[   30.500799] cloud-init[960]: ci-info: +--------+-------+----------------------------+---------------+-------+-------------------+
[   30.629121] cloud-init[960]: ci-info: | enp0s3 |  True |         10.0.2.15          | 255.255.255.0 |   .   | 02:db:14:78:b4:e6 |
[   30.629670] cloud-init[960]: ci-info: | enp0s3 |  True | fe80::db:14ff:fe78:b4e6/64 |       .       |  link | 02:db:14:78:b4:e6 |
[[0;32m  OK  [0m] Reached target System Initialization.
[   30.629978] cloud-init[960]: ci-info: | enp0s8 | False |             .              |       .       |   .   | 08:00:27:13:54:b8 |
[   30.876573] cloud-init[960]: ci-info: |   lo   |  True |         127.0.0.1          |   255.0.0.0   |   .   |         .         |
[   30.877277] cloud-init[960]: ci-info: |   lo   |  True |          ::1/128           |       .       |  host |         .         |
[[0;32m  OK  [0m] Started ACPI Events Check.
[[   30.877626] cloud-init[960]: ci-info: +--------+-------+----------------------------+---------------+-------+-------------------+
[0;32m  OK  [0m] Reached target Paths.
[   31.085641] cloud-init[960]: ci-info: +++++++++++++++++++++++++++Route IPv4 info++++++++++++++++++++++++++++
[   31.236007] cloud-init[960]: ci-info: +-------+-------------+----------+---------------+-----------+-------+
[   31.236623] cloud-init[960]: ci-info: | Route | Destination | Gateway  |    Genmask    | Interface | Flags |
         Starting Socket activation for snappy daemon.
[   31.236848] cloud-init[960]: ci-info: +-------+-------------+----------+---------------+-----------+-------+
[   31.409382] cloud-init[960]: ci-info: |   0   |   0.0.0.0   | 10.0.2.2 |    0.0.0.0    |   enp0s3  |   UG  |
[[0;32m  OK  [0m] Started Timer to automatically refresh installed snaps.[   31.409858] 
cloud-init[960]: ci-info: |   1   |   10.0.2.0  | 0.0.0.0  | 255.255.255.0 |   enp0s3  |   U   |
[   31.480558] cloud-init[960]: ci-info: +-------+-------------+----------+---------------+-----------+-------+
[   31.481012] cloud-init[960]: Generating public/private rsa key pair.
[[0;32m  OK  [0m] Listening on UUID daemon activation socket.
[   31.481259] cloud-init[960]: Your identification has been saved in /etc/ssh/ssh_host_rsa_key.
         [   31.519318] Starting LXD - unix socket.cloud-init
[960]: Your public key has been saved in /etc/ssh/ssh_host_rsa_key.pub.
[   31.564548] cloud-init[960]: The key fingerprint is:
[   31.565138] cloud-init[960]: SHA256:CzNp/DWwoiSpCF3VBfcoNa0CKaxUVzBEiFGVETKQkxM root@ubuntu-xenial
[[0;32m  OK  [0m] Started Daily Cleanup of Temporary Directories.
[   31.565304] cloud-init[960]: The key's randomart image is:
[   31.655647] cloud-init[960]: +---[RSA 2048]----+
[[0;32m  OK  [0m] Listening on ACPID Listen Socket.
[   31.655857] cloud-init[960]: |  E@==@Ooo=.     |
[   31.733001] cloud-init[960]: |  B +=+..o +.    |
[[0;32m  OK  [0m] Listening on D-Bus System Message Bus Socket.
[   31.733193] cloud-init[960]: | . +.. .o ...    |
[   31.821141] cloud-init[960]: | ..o . ..+.      |
[[0;32m  OK  [0m] Reached target Network is Online.
[   31.821255] cloud-init[960]: |. + . O S.o      |
[   31.916133] cloud-init[960]: |o. o o * o .     |
[   31.928829] cloud-init[960]: |o   .   o        |
[   31.929340] cloud-init[960]: |                 |
         Starting iSCSI initiator daemon (iscsid)...
[   31.929578] cloud-init[960]: |                 |
[   32.001226] cloud-init[960]: +----[SHA256]-----+
[[0;32m  OK  [0m] Started Daily apt download activities.
[[   32.001458] cloud-init[960]: Generating public/private dsa key pair.
[   32.202251] cloud-init[960]: Your identification has been saved in /etc/ssh/ssh_host_dsa_key.
[   32.202675] cloud-init[960]: Your public key has been saved in /etc/ssh/ssh_host_dsa_key.pub.
[   32.202920] cloud-init[960]: The key fingerprint is:
[0;32m  OK  [0m] Started Daily apt upgrade and clean activities.
[   32.203402] cloud-init[960]: SHA256:Z9fgcs/+zhQmtAoTR9fnvpfDm5iW3Kv09BPinRMrZY0 root@ubuntu-xenial
[   32.376986] cloud-init[960]: The key's randomart image is:
[[0;32m  OK  [0m] Reached target Timers.
[[   32.377214] cloud-init[960]: +---[DSA 1024]----+
[   32.509960] cloud-init[960]: |           . ..  |
[   32.511465] cloud-init[960]: |          . .  ..|
[0;32m  OK  [0m] Reached target Cloud-config availability.
[   32.511617] cloud-init[960]: |         . ... ..|
[   32.592575] cloud-init[960]: |          o..o. .|
[   32.593084] cloud-init[960]: |         o+ +o.=.|
[[0;32m  OK  [0m] Listening on Socket activation for snappy daemon.
[   32.593351] cloud-init[960]: |         oo+.+E=+|
[   32.664942] cloud-init[960]: |           .o.@.O|
[[0;32m  OK  [0m] Listening on LXD - unix socket.
[   32.665261] cloud-init[960]: |            .B=#+|
[   32.756689] cloud-init[960]: |            .++B%|
[   32.784451] cloud-init[960]: +----[SHA256]-----+
[   32.811310] cloud-init[960]: Generating public/private ecdsa key pair.
[   32.864849] cloud-init[960]: Your identification has been saved in /etc/ssh/ssh_host_ecdsa_key.
[   32.902166] cloud-init[960]: Your public key has been saved in /etc/ssh/ssh_host_ecdsa_key.pub.
[[0;32m  OK  [0m] Started iSCSI initiator daemon (iscsid).
[   32.965393] cloud-init[960]: The key fingerprint is:
[   33.028582] cloud-init[960]: SHA256:iykAxkA2bfyimurzNanjGtLr5czQOwBIAYuES2wORMQ root@ubuntu-xenial
[   33.029062] cloud-init[960]: The key's randomart image is:         
Starting Login to default iSCSI targets...
[   33.029395] cloud-init[960]: +---[ECDSA 256]---+
[[0;32m  OK  [0m] Reached target Sockets.
[   33.169428] cloud-init[960]: |%X+              |
[[0;32m  OK  [0m] Reached target Basic System.
[   33.302900] cloud-init[960]: |OE.+             |
[   33.370446] cloud-init[960]: |@+. .            |
[   33.388467] cloud-init[960]: |=o . .           |
[   33.388968] cloud-init[960]: | .o .   S        |
         Starting LSB: Record successful boot for GRUB...
[   33.389226] cloud-init[960]: | o.o  .o .       |
[   33.488709] cloud-init[960]: |ooo.++o .        |
[   33.512438] cloud-init[960]: |+..O+o.          |
[   33.512921] cloud-init[960]: |++B+*.           |
[[0;32m  OK  [0m] Started D-Bus System Message Bus.
[   33.513177] cloud-init[960]: +----[SHA256]-----+
[   33.587617] cloud-init[960]: Generating public/private ed25519 key pair.
[   33.632536] cloud-init[960]: Your identification has been saved in /etc/ssh/ssh_host_ed25519_key.
[   33.632982] cloud-init[960]: Your public key has been saved in /etc/ssh/ssh_host_ed25519_key.pub.
[[0;32m  OK  [0m] Started ACPI event daemon.
[   33.633352] cloud-init[960]: The key fingerprint is:
         Starting Accounts Service...
[   33.775795] cloud-init[960]: SHA256:Deg5m3qQFhrVOgKjuuIswG7cPJV+0XfD2BgFGnQHiZ8 root@ubuntu-xenial
[   33.840931] cloud-init[960]: The key's randomart image is:
[   33.841551] cloud-init[960]: +--[ED25519 256]--+
[[0;32m  OK  [0m] Started Deferred execution scheduler.
[   33.841703] cloud-init[960]: |     .  .o.++.   |
[   34.044385] cloud-init[960]: |o   . .. .+...   |
[   34.044879] cloud-init[960]: |.o . .. ... o    |
         Starting LXD - container startup/shutdown...
[   34.045152] cloud-init[960]: |. o +. . o E     |
[   34.088535] cloud-init[960]: |o  + += S . *    |
[   34.089124] cloud-init[960]: |o.. +o = . + =   |
         Starting Apply the settings specified in cloud-config...
[   34.089401] cloud-init[960]: |+.o.o.o . . . .  |
[   34.198554] cloud-init[960]: |=+ + o..         |
         Starting LSB: MD monitoring daemon...
[   34.199367] cloud-init[960]: |=o  o..          |
[   34.312522] [cloud-init[0;32m  OK  [0m[960]: ] +----[SHA256]-----+Started Regular background program processing daemon.

         Starting Login Service...
         Starting System Logging Service...
         Starting Pollinate to seed the pseudo random number generator...
[[0;32m  OK  [0m] Started FUSE filesystem for LXC.
[[0;32m  OK  [0m] Started Unattended Upgrades Shutdown.
         Starting /etc/rc.local Compatibility...
         Starting Snappy daemon...
[[0;32m  OK  [0m] Started System Logging Service.
[[0;32m  OK  [0m] Started LXD - container startup/shutdown.
[[0;32m  OK  [0m] Started /etc/rc.local Compatibility.
[[0;32m  OK  [0m] Started Login to default iSCSI targets.
[[0;32m  OK  [0m] Started Snappy daemon.
[[0;32m  OK  [0m] Started LSB: Record successful boot for GRUB.
[[0;32m  OK  [0m] Started LSB: MD monitoring daemon.
         Starting Authenticate and Authorize Users to Run Privileged Tasks...
[[0;32m  OK  [0m] Reached target Remote File Systems (Pre).
[[0;32m  OK  [0m] Reached target Remote File Systems.
         Starting LSB: automatic crash report generation...
         Starting LSB: VirtualBox Linux Additions...
         Starting LSB: Set the CPU Frequency Scaling governor to "ondemand"...
         Starting LSB: daemon to balance interrupts for SMP systems...
         Starting Permit User Sessions...
[[0;32m  OK  [0m] Started Permit User Sessions.
[[0;32m  OK  [0m] Started Login Service.
[[0;32m  OK  [0m] Started Authenticate and Authorize Users to Run Privileged Tasks.
[[0;32m  OK  [0m] Started Accounts Service.
         Starting Terminate Plymouth Boot Screen...
         Starting Hold until boot process finishes up...
[[0;32m  OK  [0m] Started LSB: automatic crash report generation.
[[0;32m  OK  [0m] Started LSB: Set the CPU Frequency Scaling governor to "ondemand".
[[0;32m  OK  [0m] Started Pollinate to seed the pseudo random number generator.
[[0;32m  OK  [0m] Started LSB: daemon to balance interrupts for SMP systems.
[[0;32m  OK  [0m] Started Terminate Plymouth Boot Screen.
[[0;32m  OK  [0m] Started Hold until boot process finishes up.
[[0;32m  OK  [0m] Started Serial Getty on ttyS0.
         Starting Set console scheme...
[[0;32m  OK  [0m] Started Getty on tty1.
[[0;32m  OK  [0m] Reached target Login Prompts.
         Starting OpenBSD Secure Shell server...
[[0;32m  OK  [0m] Started LSB: VirtualBox Linux Additions.
[[0;32m  OK  [0m] Started Set console scheme.
[[0;32m  OK  [0m] Started OpenBSD Secure Shell server.
[[0;32m  OK  [0m[   35.542275] ] cloud-initReached target Multi-User System.[1084]: 
Generating locales (this might take a while)...
[[0;32m  OK  [0m] Reached target Graphical Interface.
         Starting Update UTMP about System Runlevel Changes...
[[0;32m  OK  [0m] Started Update UTMP about System Runlevel Changes.
[[0;32m  OK  [0m] Created slice User Slice of vagrant.
         Starting User Manager for UID 1000...
[[0;32m  OK  [0m] Started User Manager for UID 1000.
[[0;32m  OK  [0m] Started Session 1 of user vagrant.
[   36.838283] cloud-init[1084]:   en_US.UTF-8... done
[   36.844508] cloud-init[1084]: Generation complete.
[   37.331735] cloud-init[1084]: Cloud-init v. 17.1 running 'modules:config' at Tue, 30 Jan 2018 09:51:30 +0000. Up 34.92 seconds.
[[0;32m  OK  [0m] Started Apply the settings specified in cloud-config.
         Starting Execute cloud user/final scripts...
         Stopping User Manager for UID 1000...
[[0;32m  OK  [0m] Stopped User Manager for UID 1000.
[[0;32m  OK  [0m] Removed slice User Slice of vagrant.
[[0;32m  OK  [0m] Created slice User Slice of vagrant.
         Starting User Manager for UID 1000...
[[0;32m  OK  [0m] Started User Manager for UID 1000.
[[0;32m  OK  [0m] Started Session 2 of user vagrant.
ci-info: no authorized ssh keys fingerprints found for user ubuntu.
<14>Jan 30 09:51:33 ec2: 
<14>Jan 30 09:51:33 ec2: #############################################################
<14>Jan 30 09:51:33 ec2: -----BEGIN SSH HOST KEY FINGERPRINTS-----
<14>Jan 30 09:51:33 ec2: 1024 SHA256:Z9fgcs/+zhQmtAoTR9fnvpfDm5iW3Kv09BPinRMrZY0 root@ubuntu-xenial (DSA)
<14>Jan 30 09:51:33 ec2: 256 SHA256:iykAxkA2bfyimurzNanjGtLr5czQOwBIAYuES2wORMQ root@ubuntu-xenial (ECDSA)
<14>Jan 30 09:51:33 ec2: 256 SHA256:Deg5m3qQFhrVOgKjuuIswG7cPJV+0XfD2BgFGnQHiZ8 root@ubuntu-xenial (ED25519)
<14>Jan 30 09:51:33 ec2: 2048 SHA256:CzNp/DWwoiSpCF3VBfcoNa0CKaxUVzBEiFGVETKQkxM root@ubuntu-xenial (RSA)
<14>Jan 30 09:51:33 ec2: -----END SSH HOST KEY FINGERPRINTS-----
<14>Jan 30 09:51:33 ec2: #############################################################
-----BEGIN SSH HOST KEY KEYS-----
ecdsa-sha2-nistp256 AAAAE2VjZHNhLXNoYTItbmlzdHAyNTYAAAAIbmlzdHAyNTYAAABBBIEJ9pG4z15nQQj8g4HS4au7j7vCVVo1hKI3SGRrf+sTf6mV94oRjWVkcnri2LmTLekq8dvYTPeAKy1oFvD+Ats= root@ubuntu-xenial
ssh-ed25519 AAAAC3NzaC1lZDI1NTE5AAAAIEASi0fBMlkbY/bsOyQdTQODzwipcsL9uh7mPqb3sUMy root@ubuntu-xenial
ssh-rsa AAAAB3NzaC1yc2EAAAADAQABAAABAQC8j2kNnMZ8Xq7fab0TLqi80845qJLSMVMuSCqITN+JN4bnbFWupdCXpQrKrayTLiKS3oSd9JqIjuRKBpFQ2s/JvL1Bs4Gyh0IJD2WMwf2l3M1E5xXUn2qV72GmSpZoRD58VVaL1Wjd0R/Gh0CzEdl36LDxCRjdDY15iY2RhKhv5jEzywsBvVNDgpExyLF0MwTdz4+q0pJAcB1O0d3WfB+ojb+5Ukj42FoYfb9vtv7lBrhxlQqCWx4kHifSPu2//oGeElJMI8IVfktD2+QOg98x774VtqTUMryE3qBpDbN4k41ECpuNjfAe5PJ+iWv++om6ydxOdBtqdA7KxqEH8PQb root@ubuntu-xenial
-----END SSH HOST KEY KEYS-----
[   38.816451] cloud-init[1456]: Cloud-init v. 17.1 running 'modules:final' at Tue, 30 Jan 2018 09:51:33 +0000. Up 38.04 seconds.
[[0;32m  OK  [0m] Started Execute cloud user/final scripts.
[[0;32m  OK  [0ci-info: no authorized ssh keys fingerprints found for user ubuntu.
[   39.007325] cloud-init[1456]: Cloud-init v. 17.1 finished at Tue, 30 Jan 2018 09:51:34 +0000. Datasource DataSourceNoCloud [seed=/dev/sdb][dsmode=net].  Up 38.80 seconds

Ubuntu 16.04.3 LTS ubuntu-xenial ttyS0

ubuntu-xenial login:          Stopping ACPI event daemon...
         Stopping         Stopping LSB: daemon to balance interrupts for SMP systems...
         Stopping A high performance web server and a reverse proxy server...
         Stopping LXD - container startup/shutdown...
         Stopping Getty on tty1...
         Stopping FUSE filesystem for LXC...
         Stopping D-Bus System Message Bus...
         Stopping Snappy daemon...
         Stopping Authenticate and Authorize Users to Run Privileged Tasks...
         Stopping LSB: VirtualBox Linux Additions...
[[0;32m  OK  [0m] Stopped target System Time Synchronized.
         Stopping LSB: MD monitoring daemon...
         Stopping Deferred execution scheduler...
[[0;32m  OK  [0m] Unmounted /var/lib/lxcfs.
[[0;32m  OK  [0m] Stopped ACPI event daemon.
[[0;32m  OK  [0m] Stopped Accounts Service.
[[0;32m  OK  [0m] Stopped Deferred execution scheduler.
[[0;32m  OK  [0m] Stopped Regular background program processing daemon.
[[0;32m  OK  [0m] Stopped System Logging Service.
[[0;32m  OK  [0m] Stopped Snappy daemon.
[[0;32m  OK  [0m] Stopped Authenticate and Authorize Users to Run Privileged Tasks.
[[0;32m  OK  [0m] Stopped Serial Getty on ttyS0.
[[0;32m  OK  [0m] Stopped Getty on tty1.
[[0;32m  OK  [0m] Stopped OpenBSD Secure Shell server.
[[0;32m  OK  [0m] Stopped User Manager for UID 1000.
[[0;32m  OK  [0m] Stopped Unattended Upgrades Shutdown.
[[0;32m  OK  [0m] Stopped Session 11 of user vagrant.
[[0;32m  OK  [0m] Stopped A high performance web server and a reverse proxy server.
[[0;32m  OK  [0m] Stopped D-Bus System Message Bus.
[[0;32m  OK  [0m] Stopped FUSE filesystem for LXC.
[[0;32m  OK  [0m] Stopped LSB: Record successful boot for GRUB.
[[0;32m  OK  [0m] Stopped LSB: automatic crash report generation.
[[0;32m  OK  [0m] Stopped LSB: daemon to balance interrupts for SMP systems.
[[0;32m  OK  [0m] Stopped LSB: Set the CPU Frequency Scaling governor to "ondemand".
[[0;32m  OK  [0m] Stopped LXD - container startup/shutdown.
[[0;32m  OK  [0m] Stopped LSB: MD monitoring daemon.
[[0;32m  OK  [0m] Stopped LSB: VirtualBox Linux Additions.
[[0;32m  OK  [0m] Removed slice User Slice of vagrant.
         Stopping Login Service...
[[0;32m  OK  [0m] Removed slice system-getty.slice.
[[0;32m  OK  [0m] Removed slice system-serial\x2dgetty.slice.
         Stopping Permit User Sessions...
[[0;32m  OK  [0m] Stopped /etc/rc.local Compatibility.
[[0;32m  OK  [0m] Stopped Login Service.
[[0;32m  OK  [0m] Stopped Permit User Sessions.
[[0;32m  OK  [0m] Stopped target Remote File Systems.
[[0;32m  OK  [0m] Stopped target Remote File Systems (Pre).
         Stopping Login to default iSCSI targets...
[[0;32m  OK  [0m] Stopped target Basic System.
[[0;32m  OK  [0m] Stopped target Slices.
[[0;32m  OK  [0m] Stopped target Paths.
[[0;32m  OK  [0m] Stopped Forward Password Requests to Wall Directory Watch.
[[0;32m  OK  [0m] Stopped Dispatch Password Requests to Console Directory Watch.
[[0;32m  OK  [0m] Stopped ACPI Events Check.
[[0;32m  OK  [0m] Stopped target Sockets.
[[0;32m  OK  [0m] Closed UUID daemon activation socket.
[[0;32m  OK  [0m] Closed LXD - unix socket.
[[0;32m  OK  [0m] Closed ACPID Listen Socket.
[[0;32m  OK  [0m] Closed D-Bus System Message Bus Socket.
[[0;32m  OK  [0m] Closed Socket activation for snappy daemon.
[[0;32m  OK  [0m] Closed Syslog Socket.
[[0;32m  OK  [0m] Stopped target System Initialization.
         Stopping Update UTMP about System Boot/Shutdown...
[[0;32m  OK  [0m] Stopped Commit a transient machine-id on disk.
         Stopping Load/Save Random Seed...
[[0;32m  OK  [0m] Stopped target Swap.
[[0;32m  OK  [0m] Stopped target Encrypted Volumes.
[[0;32m  OK  [0m] Stopped target User and Group Name Lookups.
[[0;32m  OK  [0m] Removed slice User and Session Slice.
[[0;32m  OK  [0m] Stopped Load/Save Random Seed.
[[0;32m  OK  [0m] Stopped Update UTMP about System Boot/Shutdown.
[[0;32m  OK  [0m] Stopped Login to default iSCSI targets.
         Stopping iSCSI initiator daemon (iscsid)...
[[0;32m  OK  [0m] Stopped Create Volatile Files and Directories.
[[0;32m  OK  [0m] Stopped iSCSI initiator daemon (iscsid).
[[0;32m  OK  [0m] Stopped target Network is Online.
[[0;32m  OK  [0m] Stopped Initial cloud-init job (metadata service crawler).
[[0;32m  OK  [0m] Stopped target Network.
         Stopping Raise network interfaces...
[[0;32m  OK  [0m] Stopped Raise network interfaces.
[[0;32m  OK  [0m] Stopped target Local File Systems.
         Unmounting /vagrant...
         Unmounting /run/user/1000...
[[0;32m  OK  [0m] Stopped target Network (Pre).
[[0;32m  OK  [0m] Stopped Initial cloud-init job (pre-networking).
[[0;32m  OK  [0m] Stopped Apply Kernel Variables.
[[0;32m  OK  [0m] Stopped Load Kernel Modules.
[[0;32m  OK  [0m] Unmounted /vagrant.
[[0;32m  OK  [0m] Unmounted /run/user/1000.
[[0;32m  OK  [0m] Reached target Unmount All Filesystems.
[[0;32m  OK  [0m] Stopped target Local File Systems (Pre).
[[0;32m  OK  [0m] Stopped Create Static Device Nodes in /dev.
         Stopping Monitoring of LVM2 mirrors... dmeventd or progress polling...
[[0;32m  OK  [0m] Stopped Remount Root and Kernel File Systems.
[[0;32m  OK  [0m] Reached target Shutdown.
[ 237.546 reboot: Power down